<?xml version="1.0" encoding="UTF-8"?>
<!-- Generated by org.testng.reporters.JUnitReportReporter -->
<testsuite hostname="DESKTOP-BE1TI0T" failures="0" tests="1" name="Scenario_1.ReadDataFromExcel" time="1.491" errors="0" timestamp="2024-06-18T01:14:24 IST" skipped="0">
  <testcase classname="Scenario_1.ReadDataFromExcel" name="dataRead" time="1.491"/>
  <system-out/>
</testsuite> <!-- Scenario_1.ReadDataFromExcel -->
