<?xml version="1.0" encoding="UTF-8"?>
<!-- Generated by org.testng.reporters.JUnitReportReporter -->
<testsuite hostname="DESKTOP-BE1TI0T" failures="0" tests="1" name="Scenario_1.Login_LogoutTest" time="4.627" errors="0" timestamp="2024-06-18T02:09:25 IST" skipped="0">
  <testcase classname="Scenario_1.Login_LogoutTest" name="Loginlogout" time="4.627"/>
  <system-out/>
</testsuite> <!-- Scenario_1.Login_LogoutTest -->
