<?xml version="1.0" encoding="UTF-8"?>
<!-- Generated by org.testng.reporters.JUnitReportReporter -->
<testsuite hostname="DESKTOP-BE1TI0T" failures="0" tests="1" name="WebTesting.ExtentReportBasicTest" time="1.768" errors="0" timestamp="2024-06-18T23:50:35 IST" skipped="0">
  <testcase classname="WebTesting.ExtentReportBasicTest" name="testReport" time="1.768"/>
  <system-out/>
</testsuite> <!-- WebTesting.ExtentReportBasicTest -->
